<?xml version="1.0" encoding="UTF-8"?>
<!-- Generated by org.testng.reporters.JUnitReportReporter -->
<testsuite hostname="LAPTOP-4NL42U64" failures="0" tests="1" name="testcases.StockAcc" time="11.641" errors="0" timestamp="2024-11-04T16:17:42 IST" skipped="0">
  <testcase classname="testcases.StockAcc" name="stocksupplier" time="11.641"/>
</testsuite> <!-- testcases.StockAcc -->
