<?xml version="1.0" encoding="UTF-8"?>
<!-- Generated by org.testng.reporters.JUnitReportReporter -->
<testsuite hostname="LAPTOP-4NL42U64" failures="0" tests="1" name="demo.Test" time="0.023" errors="0" timestamp="2024-10-07T15:45:16 IST" skipped="0">
  <testcase classname="demo.Test" name="m1" time="0.023"/>
</testsuite> <!-- demo.Test -->
