<?xml version="1.0" encoding="UTF-8"?>
<!-- Generated by org.testng.reporters.JUnitReportReporter -->
<testsuite hostname="LAPTOP-4NL42U64" failures="0" tests="1" name="testcases.SendMailTest" time="0.013" errors="0" timestamp="2024-10-11T16:46:12 IST" skipped="0">
  <testcase classname="testcases.SendMailTest" name="sendmail" time="0.013"/>
</testsuite> <!-- testcases.SendMailTest -->
