<?xml version="1.0" encoding="UTF-8"?>
<!-- Generated by org.testng.reporters.JUnitReportReporter -->
<testsuite hostname="LAPTOP-4NL42U64" failures="0" tests="1" name="testcases.Userlist" time="2.406" errors="0" timestamp="2024-11-04T16:01:37 IST" skipped="0">
  <testcase classname="testcases.Userlist" name="Userreg" time="2.406"/>
</testsuite> <!-- testcases.Userlist -->
