<?xml version="1.0" encoding="UTF-8"?>
<!-- Generated by org.testng.reporters.JUnitReportReporter -->
<testsuite hostname="LAPTOP-4NL42U64" failures="0" tests="1" name="testcases.Flighttestcase" time="7.900" errors="0" timestamp="2024-10-17T17:37:31 IST" skipped="0">
  <testcase classname="testcases.Flighttestcase" name="flightregistration" time="7.900"/>
</testsuite> <!-- testcases.Flighttestcase -->
