<?xml version="1.0" encoding="UTF-8"?>
<!-- Generated by org.testng.reporters.JUnitReportReporter -->
<testsuite hostname="LAPTOP-4NL42U64" failures="0" tests="1" name="testcases.RecieveMailTest" time="0.004" errors="0" timestamp="2024-10-11T16:36:56 IST" skipped="0">
  <testcase classname="testcases.RecieveMailTest" name="recievemail" time="0.004"/>
</testsuite> <!-- testcases.RecieveMailTest -->
